JvmtiExport can_access_local_variables 0
JvmtiExport can_hotswap_or_post_breakpoint 0
JvmtiExport can_post_on_exceptions 0
# 845 ciObject found
instanceKlass org/jetbrains/kotlin/compilerRunner/CompilerSystemPropertiesService$Parameters$Inject
instanceKlass org/jetbrains/kotlin/build/report/metrics/BuildMetricsReporterImpl$WhenMappings
instanceKlass com/android/tools/r8/dex/code/C1
instanceKlass org/gradle/execution/plan/ExecutionNodeAccessHierarchy$FilteredNodeAccess
instanceKlass com/android/tools/r8/dex/code/O
instanceKlass com/android/tools/r8/dex/A
instanceKlass com/android/tools/r8/dex/B
instanceKlass org/gradle/execution/plan/MissingTaskDependencyDetector$FilteredTree
instanceKlass com/android/tools/r8/dex/z
instanceKlass java/util/concurrent/ForkJoinPool$DefaultForkJoinWorkerThreadFactory$1
instanceKlass java/util/concurrent/ForkJoinTask$Aux
instanceKlass java/util/concurrent/ForkJoinTask
instanceKlass org/jetbrains/kotlin/incremental/storage/JvmClassNameExternalizer
instanceKlass org/jetbrains/kotlin/incremental/storage/NullableValueExternalizer
instanceKlass org/jetbrains/kotlin/incremental/storage/FqNameExternalizer
instanceKlass org/jetbrains/kotlin/incremental/storage/ClassIdExternalizer
instanceKlass org/jetbrains/kotlin/incremental/classpathDiff/InaccessibleClassSnapshotExternalizer
instanceKlass org/jetbrains/kotlin/incremental/storage/GenericCollectionExternalizer
instanceKlass org/jetbrains/kotlin/incremental/classpathDiff/JavaClassSnapshotExternalizer
instanceKlass org/jetbrains/kotlin/incremental/classpathDiff/MultifileClassKotlinClassSnapshotExternalizer
instanceKlass org/jetbrains/kotlin/incremental/classpathDiff/PackageFacadeKotlinClassSnapshotExternalizer
instanceKlass org/jetbrains/kotlin/incremental/classpathDiff/RegularKotlinClassSnapshotExternalizer
instanceKlass org/jetbrains/kotlin/incremental/storage/LongExternalizer
instanceKlass org/jetbrains/kotlin/incremental/classpathDiff/KotlinClassSnapshotExternalizer
instanceKlass org/jetbrains/kotlin/com/intellij/openapi/util/ThreadLocalCachedValue
instanceKlass org/jetbrains/kotlin/incremental/classpathDiff/AccessibleClassSnapshotExternalizer
instanceKlass org/jetbrains/kotlin/com/intellij/util/io/IOUtil
instanceKlass org/jetbrains/kotlin/incremental/storage/DelegateDataExternalizer
instanceKlass org/jetbrains/kotlin/incremental/classpathDiff/ClassSnapshotExternalizer
instanceKlass org/jetbrains/kotlin/incremental/storage/MapExternalizer
instanceKlass org/jetbrains/kotlin/incremental/storage/StringExternalizer
instanceKlass org/jetbrains/kotlin/incremental/classpathDiff/JavaElementSnapshotExternalizer
instanceKlass org/jetbrains/kotlin/incremental/storage/ExternalizersKt
instanceKlass org/jetbrains/kotlin/load/java/JvmAnnotationNames
instanceKlass org/jetbrains/kotlin/incremental/classpathDiff/ClasspathEntrySnapshotExternalizer
instanceKlass org/jetbrains/kotlin/incremental/classpathDiff/JavaClassMemberLevelSnapshotExternalizer
instanceKlass org/jetbrains/kotlin/com/intellij/util/io/DataExternalizer
instanceKlass org/jetbrains/kotlin/descriptors/SourceElement$1
instanceKlass org/jetbrains/kotlin/incremental/classpathDiff/ClasspathEntrySnapshot
instanceKlass org/jetbrains/kotlin/descriptors/SourceElement
instanceKlass org/jetbrains/kotlin/incremental/classpathDiff/JavaClassMemberLevelSnapshot
instanceKlass org/jetbrains/org/objectweb/asm/Frame
instanceKlass org/jetbrains/kotlin/incremental/IncrementalJvmCacheKt
instanceKlass org/jetbrains/kotlin/incremental/KotlinClassInfoKt
instanceKlass org/jetbrains/org/objectweb/asm/ByteVector
instanceKlass org/jetbrains/org/objectweb/asm/Symbol
instanceKlass org/jetbrains/org/objectweb/asm/Type
instanceKlass org/jetbrains/org/objectweb/asm/SymbolTable
instanceKlass org/jetbrains/org/objectweb/asm/tree/InsnList
instanceKlass org/jetbrains/kotlin/incremental/classpathDiff/JavaElementSnapshot
instanceKlass org/jetbrains/kotlin/incremental/ClassNodeSnapshotter
instanceKlass org/jetbrains/org/objectweb/asm/tree/AbstractInsnNode
instanceKlass org/jetbrains/kotlin/metadata/jvm/deserialization/JvmMemberSignature
instanceKlass org/jetbrains/org/objectweb/asm/tree/InnerClassNode
instanceKlass org/jetbrains/org/objectweb/asm/tree/Util
instanceKlass org/jetbrains/org/objectweb/asm/MethodVisitor
instanceKlass org/jetbrains/org/objectweb/asm/FieldVisitor
instanceKlass org/jetbrains/org/objectweb/asm/ModuleVisitor
instanceKlass org/jetbrains/kotlin/incremental/classpathDiff/ClassSnapshot
instanceKlass org/jetbrains/org/objectweb/asm/RecordComponentVisitor
instanceKlass org/jetbrains/kotlin/metadata/jvm/deserialization/JvmMetadataVersion$Companion
instanceKlass org/jetbrains/kotlin/metadata/deserialization/BinaryVersion$Companion
instanceKlass org/jetbrains/kotlin/metadata/deserialization/BinaryVersion
instanceKlass org/jetbrains/kotlin/utils/StringsKt
instanceKlass org/jetbrains/org/objectweb/asm/AnnotationVisitor
instanceKlass org/jetbrains/kotlin/load/kotlin/FileBasedKotlinClass
instanceKlass org/jetbrains/kotlin/load/kotlin/KotlinJvmBinaryClass
instanceKlass org/jetbrains/kotlin/load/kotlin/FileBasedKotlinClass$OuterAndInnerName
instanceKlass org/jetbrains/org/objectweb/asm/Context
instanceKlass org/jetbrains/org/objectweb/asm/Attribute
instanceKlass org/jetbrains/org/objectweb/asm/Label
instanceKlass org/jetbrains/org/objectweb/asm/ClassReader
instanceKlass org/jetbrains/kotlin/load/kotlin/FileBasedKotlinClass$InnerClassesInfo
instanceKlass org/jetbrains/kotlin/load/kotlin/header/KotlinClassHeader$Kind$Companion
instanceKlass org/jetbrains/kotlin/name/ClassId
instanceKlass org/jetbrains/kotlin/name/FqNameUnsafe$1
instanceKlass org/jetbrains/kotlin/name/Name
instanceKlass org/jetbrains/kotlin/name/FqNameUnsafe
instanceKlass org/jetbrains/kotlin/name/FqName
instanceKlass org/jetbrains/kotlin/load/kotlin/KotlinJvmBinaryClass$AnnotationArgumentVisitor
instanceKlass org/jetbrains/kotlin/load/kotlin/header/ReadKotlinClassHeaderAnnotationVisitor
instanceKlass org/jetbrains/kotlin/load/kotlin/KotlinJvmBinaryClass$AnnotationVisitor
instanceKlass com/android/tools/r8/internal/Nc0
instanceKlass org/jetbrains/org/objectweb/asm/ClassVisitor
instanceKlass com/android/tools/r8/internal/bD
instanceKlass com/android/tools/r8/internal/YC
instanceKlass org/jetbrains/kotlin/incremental/classpathDiff/BasicClassInfo$Companion
instanceKlass org/jetbrains/kotlin/incremental/classpathDiff/BasicClassInfo
instanceKlass org/jetbrains/kotlin/incremental/classpathDiff/ClassFileWithContents
instanceKlass org/jetbrains/kotlin/resolve/jvm/JvmClassName
instanceKlass org/jetbrains/kotlin/incremental/classpathDiff/ClassSnapshotter
instanceKlass org/jetbrains/kotlin/incremental/classpathDiff/ClassFile
instanceKlass org/jetbrains/kotlin/incremental/classpathDiff/ClassFileWithContentsProvider
instanceKlass org/jetbrains/kotlin/incremental/classpathDiff/JarReader
instanceKlass org/jetbrains/kotlin/incremental/classpathDiff/DirectoryOrJarReader$Companion
instanceKlass org/jetbrains/kotlin/incremental/classpathDiff/DirectoryOrJarReader
instanceKlass org/jetbrains/kotlin/incremental/classpathDiff/ClasspathEntrySnapshotter
instanceKlass org/jetbrains/kotlin/build/report/metrics/DoNothingBuildMetricsReporter
instanceKlass com/android/tools/r8/dex/E
instanceKlass com/android/tools/r8/graph/w5
instanceKlass com/android/tools/r8/dex/C
instanceKlass com/android/tools/r8/internal/R7
instanceKlass com/android/tools/r8/internal/Hc0
instanceKlass com/android/tools/r8/naming/w
instanceKlass com/android/tools/r8/shaking/h3
instanceKlass com/android/ide/common/symbols/SymbolTableBuilder$WhenMappings
instanceKlass com/android/tools/r8/shaking/I3
instanceKlass com/android/ide/common/symbols/SymbolTableBuilder
instanceKlass com/android/tools/r8/shaking/E2$a
instanceKlass com/android/tools/r8/shaking/R2
instanceKlass com/android/tools/r8/shaking/O2
instanceKlass com/android/tools/r8/shaking/E3
instanceKlass com/android/tools/r8/shaking/C3
instanceKlass com/android/tools/r8/shaking/G3
instanceKlass com/android/tools/r8/shaking/A3
instanceKlass com/android/tools/r8/shaking/B3
instanceKlass com/android/tools/r8/shaking/A2$a
instanceKlass com/android/tools/r8/shaking/A2
instanceKlass com/android/tools/r8/shaking/N2$a
instanceKlass com/android/tools/r8/shaking/N2
instanceKlass com/android/tools/r8/shaking/S2$a
instanceKlass com/android/tools/r8/shaking/S2
instanceKlass com/android/tools/r8/shaking/Y2
instanceKlass com/android/tools/r8/shaking/V2
instanceKlass com/android/builder/dexing/D8DexArchiveMerger
instanceKlass com/android/builder/dexing/DexArchiveMerger
instanceKlass com/android/builder/dexing/DirDexArchive
instanceKlass com/android/builder/dexing/DexArchive
instanceKlass com/android/builder/dexing/DexArchives
instanceKlass com/android/builder/dexing/DexArchiveEntry
instanceKlass org/gradle/api/tasks/util/internal/CachingPatternSpecFactory$CachingSpec$1
instanceKlass org/gradle/internal/fingerprint/impl/PatternSetSnapshottingFilter$PathBackedFileTreeElement
instanceKlass org/gradle/internal/snapshot/SnapshottingFilter$DirectoryWalkerPredicate
instanceKlass com/android/build/gradle/internal/tasks/DexMergingTaskDelegate$run$1$1
instanceKlass org/gradle/internal/fingerprint/impl/PatternSetSnapshottingFilter$LogicalFileTreeElement
instanceKlass com/android/builder/dexing/DexEntryBucket$Companion
instanceKlass com/android/builder/dexing/DexEntryBucket
instanceKlass com/android/builder/dexing/DexEntry$Companion
instanceKlass com/android/builder/dexing/DexEntry
instanceKlass com/android/builder/dexing/DexUtilsKt$getSortedFilesInDir$2$2
instanceKlass com/android/builder/dexing/DexUtilsKt$getSortedFilesInDir$2$1
instanceKlass com/android/build/gradle/internal/tasks/DexMergingTaskDelegate$Companion
instanceKlass org/gradle/api/services/internal/DefaultBuildServicesRegistry$ServiceBackedSharedResource
instanceKlass com/android/builder/files/SerializableFileChanges$Companion
instanceKlass com/android/build/gradle/internal/tasks/DexMergingTask$doTaskAction$1
instanceKlass org/gradle/execution/plan/DefaultPlanExecutor$ExecutorState$HealthState
instanceKlass com/android/builder/symbols/BytecodeRClassWriterKt
instanceKlass com/google/common/collect/NullnessCasts
instanceKlass com/android/tools/r8/internal/j9
instanceKlass com/android/tools/r8/internal/EQ
instanceKlass com/android/tools/r8/internal/xk
instanceKlass com/android/tools/r8/internal/p5
instanceKlass com/android/tools/r8/internal/VK
instanceKlass com/android/tools/r8/internal/Pq
instanceKlass com/android/tools/r8/internal/yk
instanceKlass com/android/builder/internal/aapt/v2/Aapt2DaemonImpl$WaitForTaskCompletion$Result
instanceKlass com/android/tools/r8/internal/hx
instanceKlass com/android/tools/r8/internal/bx
instanceKlass com/android/tools/r8/internal/jx
instanceKlass com/android/tools/r8/internal/zP
instanceKlass com/android/tools/r8/internal/sl
instanceKlass com/android/tools/r8/dex/u
instanceKlass com/android/tools/r8/naming/U
instanceKlass com/android/tools/r8/naming/T
instanceKlass com/android/tools/r8/internal/ks
instanceKlass com/android/tools/r8/internal/u7
instanceKlass com/android/tools/r8/internal/pL
instanceKlass com/android/tools/r8/internal/ZK
instanceKlass com/android/tools/r8/internal/zl
instanceKlass com/android/tools/r8/internal/qg0
instanceKlass com/android/tools/r8/internal/Nd
instanceKlass com/android/tools/r8/internal/BB
instanceKlass com/android/tools/r8/internal/hP
instanceKlass com/android/tools/r8/internal/H0
instanceKlass com/android/tools/r8/internal/Zt
instanceKlass com/android/tools/r8/internal/gP
instanceKlass com/android/tools/r8/internal/hh
instanceKlass com/android/tools/r8/ir/regalloc/g
instanceKlass com/android/tools/r8/internal/Jp
instanceKlass com/android/tools/r8/internal/K3
instanceKlass com/android/tools/r8/graph/B4
instanceKlass com/android/tools/r8/internal/bu
instanceKlass com/android/tools/r8/internal/IK
instanceKlass com/android/tools/r8/internal/Al
instanceKlass com/android/tools/r8/internal/nR
instanceKlass com/android/tools/r8/internal/F8
instanceKlass com/android/tools/r8/internal/DM
instanceKlass com/android/tools/r8/dex/code/W
instanceKlass com/android/tools/r8/internal/L5
instanceKlass com/android/tools/r8/internal/ql
instanceKlass com/android/tools/r8/ir/regalloc/h
instanceKlass com/android/tools/r8/ir/regalloc/m
instanceKlass com/android/tools/r8/internal/EJ
instanceKlass com/android/tools/r8/internal/IR
instanceKlass com/android/tools/r8/internal/ai
instanceKlass com/android/tools/r8/internal/X1
instanceKlass com/android/tools/r8/internal/ut
instanceKlass com/android/tools/r8/internal/O3
instanceKlass com/android/tools/r8/internal/CJ
instanceKlass com/android/tools/r8/internal/N3
instanceKlass com/android/tools/r8/internal/XU
instanceKlass com/android/tools/r8/internal/RW
instanceKlass com/android/tools/r8/internal/MR
instanceKlass com/android/tools/r8/internal/v9
instanceKlass com/android/tools/r8/internal/Bh0
instanceKlass com/android/tools/r8/internal/va0
instanceKlass com/android/tools/r8/internal/tk0
instanceKlass com/android/tools/r8/internal/sy
instanceKlass com/android/tools/r8/references/ArrayReference
instanceKlass com/android/tools/r8/graph/i1
instanceKlass com/android/tools/r8/ir/optimize/V
instanceKlass com/android/tools/r8/ir/optimize/N
instanceKlass com/android/tools/r8/graph/V0
instanceKlass com/android/tools/r8/graph/Z0
instanceKlass com/android/tools/r8/graph/W2
instanceKlass com/android/tools/r8/internal/az
instanceKlass com/android/tools/r8/graph/U0
instanceKlass com/android/tools/r8/dex/code/a
instanceKlass com/android/tools/r8/naming/M
instanceKlass com/android/tools/r8/internal/k8
instanceKlass com/android/tools/r8/internal/Kd
instanceKlass com/android/tools/r8/internal/Ld
instanceKlass com/android/tools/r8/internal/Md
instanceKlass com/android/tools/r8/internal/Zl
instanceKlass com/android/tools/r8/ByteDataView
instanceKlass com/android/tools/r8/dex/G
instanceKlass com/android/tools/r8/internal/Bl
instanceKlass com/android/tools/r8/ir/optimize/Z
instanceKlass java/util/zip/Adler32
instanceKlass com/android/tools/r8/ir/optimize/d0
instanceKlass com/android/tools/r8/ir/regalloc/a
instanceKlass com/android/tools/r8/dex/I
instanceKlass com/android/tools/r8/ir/regalloc/n
instanceKlass com/android/tools/r8/ir/regalloc/d
instanceKlass com/android/tools/r8/ir/regalloc/e
instanceKlass com/android/tools/r8/ir/regalloc/c
instanceKlass com/android/tools/r8/internal/zt
instanceKlass com/android/tools/r8/internal/S5
instanceKlass com/android/tools/r8/internal/ln
instanceKlass com/android/tools/r8/ir/regalloc/j
instanceKlass com/android/tools/r8/internal/WI
instanceKlass com/android/tools/r8/internal/fP
instanceKlass com/android/tools/r8/internal/eS
instanceKlass com/android/tools/r8/ir/regalloc/b
instanceKlass com/android/tools/r8/dex/v
instanceKlass com/android/tools/r8/internal/c6
instanceKlass com/android/tools/r8/internal/FS
instanceKlass com/android/tools/r8/internal/HS
instanceKlass com/android/tools/r8/ir/optimize/s0
instanceKlass com/android/tools/r8/ir/regalloc/f
instanceKlass com/android/tools/r8/dex/H
instanceKlass com/android/tools/r8/dex/F
instanceKlass java/util/stream/SliceOps
instanceKlass com/android/tools/r8/internal/m8$a
instanceKlass com/android/tools/r8/internal/m8
instanceKlass com/android/tools/r8/internal/KS
instanceKlass com/android/tools/r8/ir/optimize/K
instanceKlass com/android/tools/r8/synthesis/C
instanceKlass com/android/tools/r8/shaking/T1
instanceKlass com/android/tools/r8/internal/mm
instanceKlass com/android/tools/r8/internal/N5
instanceKlass com/android/tools/r8/internal/J10
instanceKlass com/android/tools/r8/ir/optimize/y
instanceKlass com/android/tools/r8/internal/f1
instanceKlass com/android/tools/r8/internal/LS
instanceKlass com/android/tools/r8/ir/optimize/z
instanceKlass com/android/tools/r8/dex/s
instanceKlass com/android/tools/r8/dex/y
instanceKlass com/android/tools/r8/internal/R5
instanceKlass com/android/tools/r8/graph/A5
instanceKlass com/android/tools/r8/internal/Aj0
instanceKlass com/android/tools/r8/dex/L
instanceKlass com/android/tools/r8/internal/a2
instanceKlass com/android/tools/r8/internal/Zh
instanceKlass com/android/tools/r8/internal/Cj0
instanceKlass com/android/tools/r8/ir/optimize/u
instanceKlass com/android/tools/r8/internal/v7
instanceKlass com/android/tools/r8/internal/Jm
instanceKlass com/android/tools/r8/graph/u5
instanceKlass java/util/IdentityHashMap$IdentityHashMapSpliterator
instanceKlass com/android/tools/r8/internal/D20
instanceKlass com/android/tools/r8/internal/kb0
instanceKlass com/android/tools/r8/graph/v5
instanceKlass com/android/tools/r8/internal/Sd
instanceKlass com/android/tools/r8/internal/Fr
instanceKlass com/android/tools/r8/internal/ur
instanceKlass com/android/tools/r8/ir/optimize/t
instanceKlass com/android/tools/r8/internal/yS
instanceKlass com/android/tools/r8/internal/oC
instanceKlass com/android/tools/r8/internal/Ct
instanceKlass com/android/tools/r8/internal/wS
instanceKlass com/android/tools/r8/internal/Bt
instanceKlass com/android/tools/r8/internal/e1
instanceKlass com/android/tools/r8/internal/Ag0
instanceKlass com/android/tools/r8/dex/n
instanceKlass com/android/tools/r8/internal/yt
instanceKlass com/android/tools/r8/ir/optimize/r
instanceKlass com/android/tools/r8/internal/I1
instanceKlass com/android/tools/r8/internal/Nk0
instanceKlass com/android/tools/r8/internal/yh0
instanceKlass com/android/tools/r8/internal/U5
instanceKlass com/android/tools/r8/internal/yi
instanceKlass com/android/tools/r8/ir/optimize/a
instanceKlass com/android/tools/r8/internal/At
instanceKlass com/android/tools/r8/internal/Ht
instanceKlass com/android/tools/r8/internal/eh
instanceKlass com/android/tools/r8/internal/uC
instanceKlass com/android/tools/r8/internal/qC
instanceKlass com/android/tools/r8/dex/r0
instanceKlass com/android/tools/r8/internal/Jw
instanceKlass com/android/tools/r8/dex/p0
instanceKlass com/android/tools/r8/internal/T5
instanceKlass com/android/tools/r8/dex/q0
instanceKlass com/android/tools/r8/internal/l1
instanceKlass com/android/tools/r8/naming/b
instanceKlass com/android/tools/r8/internal/DT
instanceKlass com/android/tools/r8/internal/NT
instanceKlass com/android/tools/r8/dex/m0
instanceKlass com/android/tools/r8/internal/mJ
instanceKlass com/android/tools/r8/dex/n0
instanceKlass com/android/tools/r8/internal/rM
instanceKlass com/android/tools/r8/dex/s0
instanceKlass com/android/tools/r8/dex/M
instanceKlass com/android/tools/r8/startup/diagnostic/MissingStartupProfileItemsDiagnostic$a
instanceKlass com/android/tools/r8/a
instanceKlass com/android/tools/r8/graph/P3
instanceKlass com/android/tools/r8/c
instanceKlass com/android/tools/r8/internal/jf
instanceKlass com/android/tools/r8/internal/Uh0
instanceKlass com/android/tools/r8/internal/hh0
instanceKlass com/android/tools/r8/internal/lh0
instanceKlass com/android/tools/r8/internal/nh0
instanceKlass com/android/tools/r8/internal/Hj0
instanceKlass com/android/tools/r8/internal/kh0
instanceKlass com/android/tools/r8/internal/jh0
instanceKlass com/android/tools/r8/internal/Kg0
instanceKlass com/android/tools/r8/internal/fz
instanceKlass com/android/tools/r8/internal/vt
instanceKlass com/android/tools/r8/graph/proto/b
instanceKlass com/android/tools/r8/dex/code/B1
instanceKlass com/android/tools/r8/internal/wl
instanceKlass com/android/tools/r8/ir/optimize/E
instanceKlass com/android/tools/r8/internal/sj0
instanceKlass com/android/tools/r8/internal/p10
instanceKlass com/android/tools/r8/internal/Jg0
instanceKlass com/android/tools/r8/internal/wA
instanceKlass com/android/tools/r8/internal/xh0
instanceKlass com/android/tools/r8/internal/Wx
instanceKlass com/android/tools/r8/internal/iR
instanceKlass com/android/tools/r8/internal/gD
instanceKlass com/android/tools/r8/internal/Ta
instanceKlass com/android/tools/r8/internal/LJ
instanceKlass com/android/tools/r8/internal/Ez
instanceKlass com/android/tools/r8/internal/Ka
instanceKlass com/android/tools/r8/internal/La
instanceKlass com/android/tools/r8/internal/z20
instanceKlass com/android/tools/r8/internal/Mz
instanceKlass com/android/tools/r8/internal/A8
instanceKlass com/android/tools/r8/internal/nW
instanceKlass com/android/tools/r8/dex/r
instanceKlass com/android/tools/r8/SourceFileEnvironment
instanceKlass com/android/tools/r8/internal/Q5
instanceKlass com/android/tools/r8/internal/rt
instanceKlass com/android/tools/r8/internal/Kt
instanceKlass com/android/tools/r8/internal/dB
instanceKlass com/android/tools/r8/internal/Hy
instanceKlass com/android/tools/r8/internal/T
instanceKlass com/android/tools/r8/internal/Xy
instanceKlass com/android/tools/r8/dex/i0
instanceKlass com/android/tools/r8/internal/vU
instanceKlass com/android/tools/r8/internal/sR
instanceKlass com/android/tools/r8/internal/my
instanceKlass com/android/tools/r8/internal/e3
instanceKlass com/android/tools/r8/internal/f3
instanceKlass com/android/tools/r8/internal/d3
instanceKlass com/android/tools/r8/kotlin/W
instanceKlass com/android/tools/r8/internal/K
instanceKlass com/android/tools/r8/internal/cx
instanceKlass com/android/tools/r8/internal/Rw
instanceKlass com/android/tools/r8/graph/V3
instanceKlass com/android/tools/r8/internal/es
instanceKlass com/android/tools/r8/graph/proto/d
instanceKlass com/android/tools/r8/graph/proto/c
instanceKlass com/android/tools/r8/graph/proto/j
instanceKlass com/android/tools/r8/internal/Ft
instanceKlass com/android/tools/r8/internal/Ss
instanceKlass com/android/tools/r8/synthesis/r
instanceKlass com/android/tools/r8/internal/hz
instanceKlass com/android/tools/r8/internal/wt
instanceKlass com/android/tools/r8/synthesis/q
instanceKlass com/android/tools/r8/internal/od
instanceKlass com/android/tools/r8/internal/fg0
instanceKlass com/android/tools/r8/internal/hC
instanceKlass com/android/tools/r8/synthesis/p
instanceKlass com/android/tools/r8/internal/sg0
instanceKlass com/android/tools/r8/internal/oP
instanceKlass com/android/tools/r8/internal/Oa
instanceKlass com/android/tools/r8/internal/g6
instanceKlass com/android/tools/r8/internal/nP
instanceKlass com/android/tools/r8/internal/x8
instanceKlass com/android/tools/r8/internal/Za
instanceKlass com/android/tools/r8/synthesis/t
instanceKlass com/android/tools/r8/internal/G1
instanceKlass com/android/tools/r8/internal/nx
instanceKlass com/android/tools/r8/internal/MJ
instanceKlass com/android/tools/r8/internal/GJ
instanceKlass com/android/tools/r8/internal/Cz
instanceKlass com/android/tools/r8/internal/Ma
instanceKlass com/android/tools/r8/internal/Fj0
instanceKlass com/android/tools/r8/internal/rr
instanceKlass com/android/tools/r8/graph/M5
instanceKlass com/android/tools/r8/graph/K5
instanceKlass com/android/tools/r8/internal/L8
instanceKlass com/android/tools/r8/internal/O8
instanceKlass com/android/tools/r8/internal/x9
instanceKlass com/android/tools/r8/internal/jh
instanceKlass com/android/tools/r8/internal/wa
instanceKlass com/android/tools/r8/internal/w9
instanceKlass com/android/tools/r8/internal/u9
instanceKlass com/android/tools/r8/graph/E
instanceKlass com/android/tools/r8/internal/Hk
instanceKlass com/android/tools/r8/internal/Jt
instanceKlass com/android/tools/r8/internal/kX
instanceKlass com/android/tools/r8/internal/Ah
instanceKlass com/android/tools/r8/internal/BP
instanceKlass com/android/tools/r8/internal/mC
instanceKlass com/android/tools/r8/references/ClassReference
instanceKlass com/android/tools/r8/internal/yI
instanceKlass com/android/tools/r8/references/PrimitiveReference
instanceKlass com/android/tools/r8/internal/zI
instanceKlass com/android/tools/r8/references/Reference
instanceKlass com/android/tools/r8/position/MethodPosition
instanceKlass com/android/tools/r8/internal/VB
instanceKlass com/android/tools/r8/internal/pl
instanceKlass com/android/tools/r8/internal/qf0
instanceKlass com/android/tools/r8/internal/rf0
instanceKlass com/android/tools/r8/internal/pf0
instanceKlass com/android/tools/r8/internal/of0
instanceKlass com/android/tools/r8/internal/oX
instanceKlass com/android/tools/r8/internal/X8
instanceKlass com/android/tools/r8/internal/ic
instanceKlass com/android/tools/r8/internal/Dq
instanceKlass com/android/tools/r8/internal/O9
instanceKlass com/android/tools/r8/internal/a3
instanceKlass com/android/tools/r8/internal/fl
instanceKlass com/android/tools/r8/internal/Fg0
instanceKlass com/android/tools/r8/internal/Z8
instanceKlass com/android/tools/r8/internal/Wk
instanceKlass com/android/tools/r8/internal/hl
instanceKlass com/android/tools/r8/internal/kn
instanceKlass com/android/tools/r8/internal/bX
instanceKlass com/android/tools/r8/internal/CI
instanceKlass com/android/tools/r8/ir/optimize/r0
instanceKlass com/android/tools/r8/internal/ih
instanceKlass com/android/tools/r8/errors/UnsupportedFeatureDiagnostic
instanceKlass com/android/tools/r8/internal/Si0
instanceKlass com/android/tools/r8/internal/Vi0
instanceKlass com/android/tools/r8/internal/Mj0
instanceKlass com/android/tools/r8/internal/Lj0
instanceKlass com/android/tools/r8/internal/J7
instanceKlass com/android/tools/r8/internal/YB
instanceKlass com/android/tools/r8/internal/XB
instanceKlass com/android/tools/r8/internal/zg
instanceKlass com/android/tools/r8/internal/Ag
instanceKlass com/android/tools/r8/graph/f
instanceKlass com/android/tools/r8/internal/yA
instanceKlass com/android/tools/r8/internal/CA
instanceKlass com/android/tools/r8/internal/jn
instanceKlass com/android/tools/r8/internal/EA
instanceKlass com/android/tools/r8/internal/DI
instanceKlass com/android/tools/r8/internal/FI
instanceKlass com/android/tools/r8/internal/Jd0
instanceKlass com/android/tools/r8/internal/hB
instanceKlass com/android/tools/r8/graph/X
instanceKlass com/android/tools/r8/internal/Hc
instanceKlass com/android/tools/r8/graph/U
instanceKlass com/android/tools/r8/internal/Mk
instanceKlass com/android/tools/r8/internal/Fk
instanceKlass com/android/tools/r8/internal/Rk
instanceKlass com/android/tools/r8/internal/mU
instanceKlass com/android/tools/r8/internal/Wh0
instanceKlass com/android/tools/r8/internal/jb0
instanceKlass com/android/tools/r8/internal/oe
instanceKlass com/android/tools/r8/internal/BM
instanceKlass com/android/tools/r8/internal/AM
instanceKlass com/android/tools/r8/internal/C5
instanceKlass com/android/tools/r8/internal/y5
instanceKlass com/android/tools/r8/internal/t5
instanceKlass com/android/tools/r8/internal/u5
instanceKlass com/android/tools/r8/internal/v5
instanceKlass com/android/tools/r8/internal/o5
instanceKlass com/android/tools/r8/internal/B5
instanceKlass com/android/tools/r8/internal/FP
instanceKlass com/android/tools/r8/internal/DP
instanceKlass com/android/tools/r8/internal/o9
instanceKlass com/android/tools/r8/internal/vs
instanceKlass com/android/tools/r8/ir/optimize/L
instanceKlass com/android/tools/r8/ir/optimize/d
instanceKlass com/android/tools/r8/ir/optimize/e
instanceKlass com/android/tools/r8/ir/optimize/F
instanceKlass com/android/tools/r8/ir/optimize/w
instanceKlass com/android/tools/r8/ir/optimize/b
instanceKlass com/android/tools/r8/internal/l0
instanceKlass com/android/tools/r8/internal/x7
instanceKlass com/android/tools/r8/internal/Gw
instanceKlass com/android/tools/r8/internal/Dd0
instanceKlass com/android/tools/r8/internal/Ed0
instanceKlass com/android/tools/r8/internal/vi
instanceKlass com/android/tools/r8/internal/wB
instanceKlass com/android/tools/r8/internal/S1
instanceKlass com/android/tools/r8/internal/uk0
instanceKlass com/android/tools/r8/internal/t9
instanceKlass com/android/tools/r8/internal/Cx
instanceKlass com/android/tools/r8/internal/Sz
instanceKlass com/android/tools/r8/internal/N
instanceKlass com/android/tools/r8/internal/Jx
instanceKlass com/android/tools/r8/internal/hW
instanceKlass com/android/tools/r8/internal/Nq
instanceKlass com/android/tools/r8/internal/PW
instanceKlass com/android/tools/r8/internal/uj0
instanceKlass com/android/tools/r8/internal/Pv
instanceKlass com/android/tools/r8/internal/Lv
instanceKlass com/android/tools/r8/internal/qA
instanceKlass com/android/tools/r8/internal/Td
instanceKlass com/android/tools/r8/internal/Rd
instanceKlass com/android/tools/r8/internal/ry
instanceKlass com/android/tools/r8/internal/r9$a
instanceKlass com/android/tools/r8/ir/optimize/x
instanceKlass com/android/tools/r8/graph/d
instanceKlass com/android/tools/r8/shaking/j
instanceKlass com/android/tools/r8/internal/M
instanceKlass com/android/tools/r8/graph/s5
instanceKlass com/android/tools/r8/graph/p5
instanceKlass com/android/tools/r8/internal/za0
instanceKlass com/android/tools/r8/internal/J5
instanceKlass com/android/tools/r8/internal/py
instanceKlass com/android/tools/r8/internal/Kx
instanceKlass com/android/tools/r8/shaking/i1
instanceKlass com/android/tools/r8/internal/a1
instanceKlass com/android/tools/r8/internal/TR
instanceKlass com/android/tools/r8/internal/Xa
instanceKlass com/android/tools/r8/internal/ib
instanceKlass com/android/tools/r8/graph/G4
instanceKlass com/android/tools/r8/internal/l8
instanceKlass com/android/tools/r8/position/TextRange
instanceKlass com/android/tools/r8/position/TextPosition
instanceKlass com/android/tools/r8/graph/c3
instanceKlass com/android/tools/r8/internal/B8
instanceKlass com/android/tools/r8/internal/y9
instanceKlass com/android/tools/r8/internal/hb0
instanceKlass com/android/tools/r8/internal/AA
instanceKlass com/android/tools/r8/graph/b6
instanceKlass com/android/tools/r8/utils/structural/u
instanceKlass com/android/tools/r8/internal/hc
instanceKlass com/android/tools/r8/internal/kh
instanceKlass com/android/tools/r8/dex/code/d
instanceKlass com/android/tools/r8/internal/Y
instanceKlass com/android/tools/r8/dex/code/b
instanceKlass com/android/tools/r8/internal/za
instanceKlass com/android/tools/r8/internal/el
instanceKlass com/android/tools/r8/internal/gl
instanceKlass com/android/tools/r8/internal/il
instanceKlass com/android/tools/r8/graph/F$a
instanceKlass com/android/tools/r8/internal/FA
instanceKlass com/android/tools/r8/graph/h0
instanceKlass com/android/tools/r8/internal/Xk
instanceKlass com/android/tools/r8/internal/Vk
instanceKlass com/android/tools/r8/internal/Wa
instanceKlass com/android/tools/r8/graph/Y2
instanceKlass com/android/tools/r8/internal/P1
instanceKlass com/android/tools/r8/internal/eg0
instanceKlass com/android/tools/r8/ir/optimize/X
instanceKlass com/android/tools/r8/internal/aA
instanceKlass com/android/tools/r8/internal/nv
instanceKlass com/android/tools/r8/internal/Nz
instanceKlass com/android/tools/r8/internal/QN
instanceKlass com/android/tools/r8/ir/optimize/I0
instanceKlass com/android/tools/r8/ir/optimize/v0
instanceKlass com/android/tools/r8/internal/xw
instanceKlass com/android/tools/r8/internal/In
instanceKlass com/android/tools/r8/ir/optimize/c
instanceKlass com/android/tools/r8/internal/uN
instanceKlass com/android/tools/r8/internal/zK
instanceKlass com/android/tools/r8/internal/sw
instanceKlass com/android/tools/r8/internal/gw
instanceKlass com/android/tools/r8/internal/r2
instanceKlass com/android/tools/r8/internal/iI
instanceKlass com/android/tools/r8/internal/s
instanceKlass com/android/tools/r8/internal/Dp
instanceKlass com/android/tools/r8/internal/ew
instanceKlass com/android/tools/r8/internal/no
instanceKlass com/android/tools/r8/internal/Qd
instanceKlass com/android/tools/r8/internal/iW
instanceKlass com/android/tools/r8/internal/Fl
instanceKlass com/android/tools/r8/internal/Oq
instanceKlass com/android/tools/r8/internal/XN
instanceKlass com/android/tools/r8/internal/Vz
instanceKlass com/android/tools/r8/internal/Zz
instanceKlass com/android/tools/r8/internal/jb
instanceKlass com/android/tools/r8/internal/ON
instanceKlass com/android/tools/r8/internal/RM
instanceKlass com/android/tools/r8/internal/RV
instanceKlass com/android/tools/r8/internal/RV$a
instanceKlass com/android/tools/r8/internal/xR
instanceKlass com/android/tools/r8/graph/l4
instanceKlass com/android/tools/r8/internal/Dn
instanceKlass com/android/tools/r8/internal/CU
instanceKlass com/android/tools/r8/internal/L9
instanceKlass com/android/tools/r8/internal/It
instanceKlass com/android/tools/r8/internal/N10
instanceKlass com/android/tools/r8/internal/C10
instanceKlass com/android/tools/r8/graph/k4
instanceKlass com/android/tools/r8/internal/nC
instanceKlass com/android/tools/r8/internal/sr
instanceKlass com/android/tools/r8/internal/Oz
instanceKlass com/android/tools/r8/internal/fA
instanceKlass com/android/tools/r8/internal/zf0
instanceKlass com/android/tools/r8/internal/yf0
instanceKlass com/android/tools/r8/internal/Cq
instanceKlass com/android/tools/r8/internal/EK
instanceKlass com/android/tools/r8/internal/gf0
instanceKlass com/android/tools/r8/references/MethodReference
instanceKlass com/android/tools/r8/internal/J9
instanceKlass com/android/tools/r8/dex/code/c
instanceKlass com/android/tools/r8/ir/optimize/info/y
instanceKlass com/android/tools/r8/internal/IN
instanceKlass com/android/tools/r8/internal/op
instanceKlass com/android/tools/r8/internal/mn
instanceKlass com/android/tools/r8/internal/pn
instanceKlass com/android/tools/r8/internal/m10
instanceKlass com/android/tools/r8/internal/D1
instanceKlass com/android/tools/r8/internal/k10
instanceKlass com/android/tools/r8/internal/pp
instanceKlass com/android/tools/r8/ir/optimize/f
instanceKlass com/android/tools/r8/synthesis/b
instanceKlass com/android/tools/r8/internal/Ik
instanceKlass com/android/tools/r8/internal/M4
instanceKlass com/android/tools/r8/internal/U2
instanceKlass com/android/tools/r8/internal/T2
instanceKlass com/android/tools/r8/internal/P2
instanceKlass com/android/tools/r8/internal/S2
instanceKlass com/android/tools/r8/androidapi/c
instanceKlass com/android/tools/r8/androidapi/f$a
instanceKlass com/android/tools/r8/androidapi/a
instanceKlass com/android/tools/r8/internal/c00
instanceKlass com/android/tools/r8/internal/Xo
instanceKlass com/android/tools/r8/internal/sJ
instanceKlass com/android/tools/r8/internal/hd0
instanceKlass com/android/tools/r8/internal/Aw
instanceKlass com/android/tools/r8/internal/wj0
instanceKlass com/android/tools/r8/internal/b2
instanceKlass com/android/tools/r8/internal/sc0
instanceKlass com/android/tools/r8/internal/Kw
instanceKlass com/android/tools/r8/internal/IW
instanceKlass com/android/tools/r8/internal/Iw
instanceKlass com/android/tools/r8/internal/PP
instanceKlass com/android/tools/r8/internal/tJ
instanceKlass com/android/tools/r8/internal/rJ
instanceKlass com/android/tools/r8/internal/vJ
instanceKlass com/android/tools/r8/internal/Gv
instanceKlass com/android/tools/r8/internal/nm
instanceKlass com/android/tools/r8/internal/Z1
instanceKlass com/android/tools/r8/internal/U1
